log[2014-04-25 10:14:16.729] node[INFOVM7-AGI] thread[main] login[] start[1398413652156] time[4572] tag[lu.bourse.cmun.services.adminport.ws.AdminPortailMgr.getParams(CMN).success] message[null]
log[2014-04-25 10:14:21.603] node[INFOVM7-AGI] thread[main] login[] start[1398413661306] time[297] tag[call P_CMS_ListePages.success] message[null]
log[2014-04-25 10:14:21.684] node[INFOVM7-AGI] thread[main] login[] start[1398413660866] time[817] tag[class lu.bourse.fatwire.dao.MenuDAO.getAllPages.success] message[null]
log[2014-04-25 10:14:22.418] node[INFOVM7-AGI] thread[main] login[] start[1398413662283] time[134] tag[lu.bourse.cmun.services.adminport.ws.AdminPortailMgr.findAllUrls(BDL).success] message[null]
log[2014-04-25 10:14:22.596] node[INFOVM7-AGI] thread[main] login[] start[1398413662418] time[178] tag[lu.bourse.cmun.services.adminport.ws.AdminPortailMgr.findAllUrls(FRH).success] message[null]
log[2014-04-25 10:14:22.717] node[INFOVM7-AGI] thread[main] login[] start[1398413662597] time[119] tag[lu.bourse.cmun.services.adminport.ws.AdminPortailMgr.findSecuredRess(BDL).success] message[null]
log[2014-04-25 10:15:51.132] node[INFOVM7-AGI] thread[TP-Processor3] login[] start[1398413749981] time[1150] tag[AccessFilter.doFilter(http://localhost:8080/cs/ContentServer?pagename=OpenMarket%2FXcelerate%2FSearch%2FEvent).success] message[null]
log[2014-04-25 10:17:38.320] node[INFOVM7-AGI] thread[TP-Processor3] login[guest] start[1398413857782] time[536] tag[lu.bourse.cmun.services.adminport.ws.AdminPortailMgr.getUtilRessEtServAcces(FRH, -10).success] message[null]
log[2014-04-25 10:17:39.020] node[INFOVM7-AGI] thread[TP-Processor3] login[guest] start[1398413859003] time[17] tag[AccessManager.isSecuredURL(/fund-tree?_eventId=expand&_flowExecutionKey=e3s5&folderId=63564&idInstr=57732).success] message[null]
log[2014-04-25 10:17:42.384] node[INFOVM7-AGI] thread[TP-Processor3] login[guest] start[1398413859330] time[3054] tag[class lu.bourse.fatwire.action.MainLayoutAction.handleRequest.success] message[null]
log[2014-04-25 10:17:43.733] node[INFOVM7-AGI] thread[TP-Processor3] login[guest] start[1398413862684] time[1048] tag[lu.bourse.cmun.services.adminport.ws.AdminPortailMgr.listeTraductions(, en).success] message[null]
log[2014-04-25 10:17:44.728] node[INFOVM7-AGI] thread[TP-Processor3] login[guest] start[1398413864284] time[444] tag[IncludeManager.completeRequest.success] message[null]
log[2014-04-25 10:17:45.056] node[INFOVM7-AGI] thread[TP-Processor3] login[guest] start[1398413864282] time[774] tag[IncludeManager.getResponse(/framework/infovaleur.jsp?idInstr=57732,org.apache.catalina.core.ApplicationHttpRequest@a920de2,10000).success] message[null]
log[2014-04-25 10:17:45.344] node[INFOVM7-AGI] thread[TP-Processor3] login[guest] start[1398413865231] time[113] tag[Page:1200000000495422:/LayoutGlobalFRH(DisplayAsset_jsp)]
log[2014-04-25 10:17:45.352] node[INFOVM7-AGI] thread[TP-Processor3] login[guest] start[1398413859209] time[6143] tag[Page:1200000000495422:/LayoutGlobalFRH(LayoutGlobalFRH_jsp)]
log[2014-04-25 10:17:46.225] node[INFOVM7-AGI] thread[TP-Processor3] login[guest] start[1398413865764] time[460] tag[class lu.bourse.fatwire.action.navigation.HeaderNav2Action.handleRequest.success] message[null]
log[2014-04-25 10:17:46.414] node[INFOVM7-AGI] thread[TP-Processor3] login[guest] start[1398413865642] time[772] tag[Page:1200000000495422:/LayoutGlobalFRH;Page:1200000000495422:HeaderFRH(HeaderNav2FRH_jsp)]
log[2014-04-25 10:17:46.415] node[INFOVM7-AGI] thread[TP-Processor3] login[guest] start[1398413865515] time[899] tag[Page:1200000000495422:/LayoutGlobalFRH;Page:1200000000495422:HeaderFRH(HeaderFRH_jsp)]
log[2014-04-25 10:17:47.132] node[INFOVM7-AGI] thread[TP-Processor3] login[guest] start[1398413866668] time[464] tag[HeaderNav1Action.createMenuWithCustomPS.success] message[null]
log[2014-04-25 10:17:47.175] node[INFOVM7-AGI] thread[TP-Processor3] login[guest] start[1398413867152] time[23] tag[AccessManager.getSecuredRess(/my-profile).success] message[null]
log[2014-04-25 10:17:47.186] node[INFOVM7-AGI] thread[TP-Processor3] login[guest] start[1398413867176] time[9] tag[AccessManager.getSecuredRess(/my-information-fundsquare).success] message[null]
log[2014-04-25 10:17:47.196] node[INFOVM7-AGI] thread[TP-Processor3] login[guest] start[1398413867187] time[9] tag[AccessManager.getSecuredRess(/my-subscriptions/parameters).success] message[null]
log[2014-04-25 10:17:47.207] node[INFOVM7-AGI] thread[TP-Processor3] login[guest] start[1398413867196] time[10] tag[AccessManager.getSecuredRess(/user-management).success] message[null]
log[2014-04-25 10:17:47.217] node[INFOVM7-AGI] thread[TP-Processor3] login[guest] start[1398413867208] time[9] tag[AccessManager.getSecuredRess(/watchlists).success] message[null]
log[2014-04-25 10:17:47.228] node[INFOVM7-AGI] thread[TP-Processor3] login[guest] start[1398413867218] time[9] tag[AccessManager.getSecuredRess(/login-management).success] message[null]
log[2014-04-25 10:17:47.237] node[INFOVM7-AGI] thread[TP-Processor3] login[guest] start[1398413867228] time[8] tag[AccessManager.getSecuredRess(/data-vendor-downloads).success] message[null]
log[2014-04-25 10:17:47.248] node[INFOVM7-AGI] thread[TP-Processor3] login[guest] start[1398413867239] time[9] tag[AccessManager.getSecuredRess(/cellop/mapping-users-e-file).success] message[null]
log[2014-04-25 10:17:47.258] node[INFOVM7-AGI] thread[TP-Processor3] login[guest] start[1398413867249] time[8] tag[AccessManager.getSecuredRess(/cellop/specific-addressees/validation).success] message[null]
log[2014-04-25 10:17:47.267] node[INFOVM7-AGI] thread[TP-Processor3] login[guest] start[1398413867259] time[8] tag[AccessManager.getSecuredRess(/cellop/specific-addressees/check-lists).success] message[null]
log[2014-04-25 10:17:47.277] node[INFOVM7-AGI] thread[TP-Processor3] login[guest] start[1398413867268] time[9] tag[AccessManager.getSecuredRess(/eusd-nav-quality-control).success] message[null]
log[2014-04-25 10:17:47.288] node[INFOVM7-AGI] thread[TP-Processor3] login[guest] start[1398413867278] time[9] tag[AccessManager.getSecuredRess(/fund-info-reporting/download-form).success] message[null]
log[2014-04-25 10:17:47.297] node[INFOVM7-AGI] thread[TP-Processor3] login[guest] start[1398413867288] time[8] tag[AccessManager.getSecuredRess(/fund-info-reporting/security-search).success] message[null]
log[2014-04-25 10:17:47.314] node[INFOVM7-AGI] thread[TP-Processor3] login[guest] start[1398413867298] time[15] tag[AccessManager.getSecuredRess(/fund-info-reporting/documents-envelopes-received).success] message[null]
log[2014-04-25 10:17:47.323] node[INFOVM7-AGI] thread[TP-Processor3] login[guest] start[1398413867315] time[8] tag[AccessManager.getSecuredRess(/fund-info-reporting/documents-envelopes-sent).success] message[null]
log[2014-04-25 10:17:47.333] node[INFOVM7-AGI] thread[TP-Processor3] login[guest] start[1398413867324] time[8] tag[AccessManager.getSecuredRess(/nav-dividend/download-form).success] message[null]
log[2014-04-25 10:17:47.342] node[INFOVM7-AGI] thread[TP-Processor3] login[guest] start[1398413867334] time[8] tag[AccessManager.getSecuredRess(/nav-dividend/security-search).success] message[null]
log[2014-04-25 10:17:47.353] node[INFOVM7-AGI] thread[TP-Processor3] login[guest] start[1398413867343] time[9] tag[AccessManager.getSecuredRess(/suivi/consolidate-view).success] message[null]
log[2014-04-25 10:17:47.361] node[INFOVM7-AGI] thread[TP-Processor3] login[guest] start[1398413867353] time[7] tag[AccessManager.getSecuredRess(/monitor/my-transmissions).success] message[null]
log[2014-04-25 10:17:47.368] node[INFOVM7-AGI] thread[TP-Processor3] login[guest] start[1398413867361] time[7] tag[AccessManager.getSecuredRess(/monitor/my-disseminations).success] message[null]
log[2014-04-25 10:17:47.378] node[INFOVM7-AGI] thread[TP-Processor3] login[guest] start[1398413867369] time[8] tag[AccessManager.getSecuredRess(/dashboard-management).success] message[null]
log[2014-04-25 10:17:47.433] node[INFOVM7-AGI] thread[TP-Processor3] login[guest] start[1398413867382] time[50] tag[URLMatcher.matches(/monitor/my-disseminations,/specific-addressees/subscription/add-security).success] message[null]
log[2014-04-25 10:17:47.438] node[INFOVM7-AGI] thread[TP-Processor3] login[guest] start[1398413867379] time[58] tag[AccessManager.getSecuredRess(/specific-addressees/subscription/add-security).success] message[null]
log[2014-04-25 10:17:47.446] node[INFOVM7-AGI] thread[TP-Processor3] login[guest] start[1398413867438] time[7] tag[AccessManager.getSecuredRess(/specific-addressees/sample-structure).success] message[null]
log[2014-04-25 10:17:47.454] node[INFOVM7-AGI] thread[TP-Processor3] login[guest] start[1398413867446] time[7] tag[AccessManager.getSecuredRess(/specific-addressees/subscription).success] message[null]
log[2014-04-25 10:17:47.463] node[INFOVM7-AGI] thread[TP-Processor3] login[guest] start[1398413867455] time[7] tag[AccessManager.getSecuredRess(/specific-addressees/sample-management).success] message[null]
log[2014-04-25 10:17:47.474] node[INFOVM7-AGI] thread[TP-Processor3] login[guest] start[1398413867464] time[10] tag[AccessManager.getSecuredRess(/specific-addressees/management).success] message[null]
log[2014-04-25 10:17:47.499] node[INFOVM7-AGI] thread[TP-Processor3] login[guest] start[1398413867483] time[15] tag[URLMatcher.matches(/monitor/my-disseminations/view-detail,/specific-addressees/check-lists).success] message[null]
log[2014-04-25 10:17:47.501] node[INFOVM7-AGI] thread[TP-Processor3] login[guest] start[1398413867475] time[26] tag[AccessManager.getSecuredRess(/specific-addressees/check-lists).success] message[null]
log[2014-04-25 10:17:47.501] node[INFOVM7-AGI] thread[TP-Processor3] login[guest] start[1398413867378] time[122] tag[HeaderNav1Action.filterMenu(AssetIdWithSite [type=Page, id=1200000000495422, site=FRH]).success] message[null]
log[2014-04-25 10:17:47.511] node[INFOVM7-AGI] thread[TP-Processor3] login[guest] start[1398413867502] time[9] tag[AccessManager.getSecuredRess(/reporting/securitisation-vehicule).success] message[null]
log[2014-04-25 10:17:47.512] node[INFOVM7-AGI] thread[TP-Processor3] login[guest] start[1398413867238] time[273] tag[HeaderNav1Action.filterMenu(AssetIdWithSite [type=Page, id=1200000000495422, site=FRH]).success] message[null]
log[2014-04-25 10:17:47.520] node[INFOVM7-AGI] thread[TP-Processor3] login[guest] start[1398413867513] time[7] tag[AccessManager.getSecuredRess(/gestionnewsletter).success] message[null]
log[2014-04-25 10:17:47.521] node[INFOVM7-AGI] thread[TP-Processor3] login[guest] start[1398413867151] time[369] tag[HeaderNav1Action.filterMenu(AssetIdWithSite [type=Page, id=1200000000495422, site=FRH]).success] message[null]
log[2014-04-25 10:17:47.521] node[INFOVM7-AGI] thread[TP-Processor3] login[guest] start[1398413867133] time[387] tag[HeaderNav1Action.filterMenu(AssetIdWithSite [type=Page, id=1200000000495422, site=FRH]).success] message[null]
log[2014-04-25 10:17:47.521] node[INFOVM7-AGI] thread[TP-Processor3] login[guest] start[1398413866662] time[858] tag[class lu.bourse.fatwire.action.navigation.HeaderNav1Action.handleRequest.success] message[null]
log[2014-04-25 10:17:47.816] node[INFOVM7-AGI] thread[TP-Processor3] login[guest] start[1398413867586] time[229] tag[BoursePageRef.setParameters.success] message[null]
log[2014-04-25 10:17:48.106] node[INFOVM7-AGI] thread[TP-Processor3] login[guest] start[1398413866603] time[1503] tag[Page:1200000000495422 (Navigation/HeaderNav1FRH) (HeaderNav1FRH_jsp)]
log[2014-04-25 10:17:48.686] node[INFOVM7-AGI] thread[TP-Processor3] login[guest] start[1398413868401] time[285] tag[Page:1200000000495422:/LayoutGlobalFRH;Page:1200000000495422:MainFRH(MainFRH_jsp)]
log[2014-04-25 10:17:48.967] node[INFOVM7-AGI] thread[TP-Processor2] login[guest] start[1398413868653] time[314] tag[AccessFilter.doFilter(http://devfundsquare.luxbourse.local/cs/v?_v_=hv6XkrJkCc8F60TUTlwlblmsyL8ls6tXhnelCCrr0U7jBksDSJdUdwdx18rtToSiDZQ4P9pBUUYs%0D%0AtRcTzMTqQSrk0W9sClsRvVYbgV6THLEoHSQu3Vboop%2FJGA%2BEu%2BUE5uOT12PjqSnbeci061cgK4wh%0D%0A0QcK1%2FJOGr2f7wGWWpw%2BoNWjvtGZmn9ts8j%2FDX8fCeNjq3GgFCwjVhD7NZir6wyfYPdtF0EEf22z%0D%0AyP8Nfx9qLWljTO5ixgyfYPdtF0EEAYt7swS%2BNzMvxU9AZ7%2BcxboPJZm%2F09gvASBH3DQ5nu9gRs1a%0D%0AnQv48Q%3D%3D).success] message[null]
log[2014-04-25 10:17:49.050] node[INFOVM7-AGI] thread[TP-Processor3] login[guest] start[1398413868866] time[184] tag[Page:1200000000495422:/LayoutGlobalFRH;Page:1200000000495422:MainFRH;Page:1200000000495422:Menu_ContentFRH(Menu_005fContentFRH_jsp)]
log[2014-04-25 10:17:49.517] node[INFOVM7-AGI] thread[TP-Processor3] login[guest] start[1398413869492] time[25] tag[AccessManager.isSecuredURL(/fund-notices-announcements).success] message[null]
log[2014-04-25 10:17:49.573] node[INFOVM7-AGI] thread[TP-Processor3] login[guest] start[1398413869167] time[406] tag[Page:1200000000495422:/LayoutGlobalFRH;Page:1200000000495422:MainFRH;Page:1200000000495422:Menu_ContentFRH;Page:1200000000495422:LeftMenuFRH(LeftMenuFRH_jsp)]
log[2014-04-25 10:17:50.352] node[INFOVM7-AGI] thread[TP-Processor3] login[guest] start[1398413870064] time[288] tag[PageManager.getMenuDisplay.success] message[null]
log[2014-04-25 10:17:50.496] node[INFOVM7-AGI] thread[TP-Processor3] login[guest] start[1398413869941] time[555] tag[class lu.bourse.fatwire.action.BannerAction.handleRequest.success] message[null]
log[2014-04-25 10:17:50.499] node[INFOVM7-AGI] thread[TP-Processor3] login[guest] start[1398413869898] time[601] tag[Page:1200000000495422:/LayoutGlobalFRH;Page:1200000000495422:MainFRH;Page:1200000000495422:Menu_ContentFRH;Page:1200000000495422:BannerFRH(BannerFRH_jsp)]
log[2014-04-25 10:17:51.315] node[INFOVM7-AGI] thread[TP-Processor3] login[guest] start[1398413871159] time[156] tag[PageManager.getMenuDisplay.success] message[null]
log[2014-04-25 10:17:51.665] node[INFOVM7-AGI] thread[TP-Processor3] login[guest] start[1398413871514] time[150] tag[PageManager.getMenuDisplay.success] message[null]
log[2014-04-25 10:17:53.374] node[INFOVM7-AGI] thread[TP-Processor3] login[guest] start[1398413872049] time[1324] tag[PageManager.getMenuDisplay.success] message[null]
log[2014-04-25 10:17:53.499] node[INFOVM7-AGI] thread[TP-Processor3] login[guest] start[1398413873375] time[123] tag[IncludeManager.completeRequest.success] message[null]
log[2014-04-25 10:17:53.765] node[INFOVM7-AGI] thread[TP-Processor3] login[guest] start[1398413873375] time[390] tag[IncludeManager.getResponse(/application/download/csv/exists/fund-tree,null,1000).success] message[null]
log[2014-04-25 10:17:53.766] node[INFOVM7-AGI] thread[TP-Processor3] login[guest] start[1398413870694] time[3071] tag[class lu.bourse.fatwire.action.navigation.BreadcrumbFRHAction.handleRequest.success] message[null]
log[2014-04-25 10:17:53.816] node[INFOVM7-AGI] thread[TP-Processor3] login[guest] start[1398413870644] time[3172] tag[Page:1200000000495422:/LayoutGlobalFRH;Page:1200000000495422:MainFRH;Page:1200000000495422:Menu_ContentFRH;Page:1200000000495422:BreadcrumbFRH(BreadcrumbFRH_jsp)]
log[2014-04-25 10:17:54.320] node[INFOVM7-AGI] thread[TP-Processor3] login[guest] start[1398413874002] time[318] tag[Page:1200000000495422 (DisplayAssociations) (DisplayAssociations_jsp)]
log[2014-04-25 10:17:55.018] node[INFOVM7-AGI] thread[TP-Processor3] login[guest] start[1398413874463] time[555] tag[class lu.bourse.fatwire.action.DisplayDynamicModuleAction.handleRequest.success] message[null]
log[2014-04-25 10:17:55.133] node[INFOVM7-AGI] thread[TP-Processor3] login[guest] start[1398413875113] time[20] tag[RessManager.getURLBack(/fund-tree,FRH,EN).success] message[null]
log[2014-04-25 10:17:56.772] node[INFOVM7-AGI] thread[TP-Processor3] login[guest] start[1398413875134] time[1638] tag[IncludeManager.getResponse(/application?_flowId=OpcTreeFlow,org.apache.catalina.core.ApplicationHttpRequest@694f7c0a,10000).success] message[null]
log[2014-04-25 10:17:57.087] node[INFOVM7-AGI] thread[TP-Processor3] login[guest] start[1398413875108] time[1979] tag[DynamicModule:1200000000403124:DisplayDynamicModule(GenericIncludeBack_jsp)]
log[2014-04-25 10:17:57.088] node[INFOVM7-AGI] thread[TP-Processor3] login[guest] start[1398413874424] time[2664] tag[DynamicModule:1200000000403124:DisplayDynamicModule(DisplayDynamicModule_jsp)]
log[2014-04-25 10:17:57.340] node[INFOVM7-AGI] thread[TP-Processor3] login[guest] start[1398413850654] time[26685] tag[AccessFilter.doFilter(http://devfundsquare.luxbourse.local/cs/fund-tree?_eventId=expand&_flowExecutionKey=e3s5&folderId=63564&idInstr=57732).success] message[null]
